{"/Users/omar/Development/Me/roots-wordpress/lib/index.js":{"path":"/Users/omar/Development/Me/roots-wordpress/lib/index.js","s":{"1":1,"2":1,"3":1,"4":1,"5":1,"6":1,"7":1,"8":1,"9":4,"10":4,"11":1,"12":4,"13":1,"14":3,"15":1,"16":3,"17":1,"18":3,"19":3,"20":3,"21":3,"22":3,"23":3,"24":3,"25":3,"26":3,"27":3,"28":3,"29":3,"30":3,"31":3,"32":3,"33":0,"34":3,"35":3,"36":3,"37":3,"38":1,"39":3,"40":3,"41":3,"42":0,"43":3,"44":3,"45":1,"46":0,"47":0,"48":0,"49":0,"50":0,"51":0,"52":0,"53":0,"54":0,"55":0,"56":0,"57":0,"58":0,"59":0,"60":0,"61":0,"62":0,"63":1,"64":0,"65":0,"66":0,"67":1,"68":0},"b":{"1":[1,3],"2":[1,3],"3":[1,2],"4":[3,0],"5":[0,3],"6":[0,3],"7":[0,0],"8":[0,0]},"f":{"1":1,"2":4,"3":3,"4":3,"5":3,"6":3,"7":3,"8":0,"9":0,"10":0,"11":0,"12":0,"13":0,"14":0,"15":0,"16":0},"fnMap":{"1":{"name":"(anonymous_1)","line":2,"loc":{"start":{"line":2,"column":1},"end":{"line":2,"column":12}}},"2":{"name":"(anonymous_2)","line":15,"loc":{"start":{"line":15,"column":19},"end":{"line":15,"column":34}}},"3":{"name":"(anonymous_3)","line":28,"loc":{"start":{"line":28,"column":29},"end":{"line":28,"column":40}}},"4":{"name":"RootsWordpress","line":29,"loc":{"start":{"line":29,"column":6},"end":{"line":29,"column":37}}},"5":{"name":"(anonymous_5)","line":35,"loc":{"start":{"line":35,"column":39},"end":{"line":35,"column":50}}},"6":{"name":"(anonymous_6)","line":41,"loc":{"start":{"line":41,"column":15},"end":{"line":41,"column":26}}},"7":{"name":"(anonymous_7)","line":63,"loc":{"start":{"line":63,"column":12},"end":{"line":63,"column":41}}},"8":{"name":"(anonymous_8)","line":78,"loc":{"start":{"line":78,"column":24},"end":{"line":78,"column":52}}},"9":{"name":"(anonymous_9)","line":91,"loc":{"start":{"line":91,"column":25},"end":{"line":91,"column":41}}},"10":{"name":"(anonymous_10)","line":92,"loc":{"start":{"line":92,"column":13},"end":{"line":92,"column":25}}},"11":{"name":"(anonymous_11)","line":99,"loc":{"start":{"line":99,"column":56},"end":{"line":99,"column":68}}},"12":{"name":"(anonymous_12)","line":102,"loc":{"start":{"line":102,"column":53},"end":{"line":102,"column":67}}},"13":{"name":"(anonymous_13)","line":106,"loc":{"start":{"line":106,"column":19},"end":{"line":106,"column":34}}},"14":{"name":"(anonymous_14)","line":114,"loc":{"start":{"line":114,"column":22},"end":{"line":114,"column":36}}},"15":{"name":"(anonymous_15)","line":115,"loc":{"start":{"line":115,"column":25},"end":{"line":115,"column":43}}},"16":{"name":"(anonymous_16)","line":121,"loc":{"start":{"line":121,"column":24},"end":{"line":121,"column":46}}}},"statementMap":{"1":{"start":{"line":2,"column":0},"end":{"line":125,"column":14}},"2":{"start":{"line":3,"column":2},"end":{"line":3,"column":103}},"3":{"start":{"line":5,"column":2},"end":{"line":5,"column":25}},"4":{"start":{"line":7,"column":2},"end":{"line":7,"column":22}},"5":{"start":{"line":9,"column":2},"end":{"line":9,"column":36}},"6":{"start":{"line":11,"column":2},"end":{"line":11,"column":24}},"7":{"start":{"line":13,"column":2},"end":{"line":13,"column":25}},"8":{"start":{"line":15,"column":2},"end":{"line":61,"column":4}},"9":{"start":{"line":16,"column":4},"end":{"line":16,"column":23}},"10":{"start":{"line":17,"column":4},"end":{"line":19,"column":5}},"11":{"start":{"line":18,"column":6},"end":{"line":18,"column":16}},"12":{"start":{"line":20,"column":4},"end":{"line":22,"column":5}},"13":{"start":{"line":21,"column":6},"end":{"line":21,"column":58}},"14":{"start":{"line":23,"column":4},"end":{"line":27,"column":5}},"15":{"start":{"line":24,"column":6},"end":{"line":26,"column":8}},"16":{"start":{"line":28,"column":4},"end":{"line":60,"column":9}},"17":{"start":{"line":29,"column":6},"end":{"line":33,"column":7}},"18":{"start":{"line":30,"column":8},"end":{"line":30,"column":27}},"19":{"start":{"line":31,"column":8},"end":{"line":31,"column":46}},"20":{"start":{"line":32,"column":8},"end":{"line":32,"column":55}},"21":{"start":{"line":35,"column":6},"end":{"line":56,"column":8}},"22":{"start":{"line":36,"column":8},"end":{"line":36,"column":36}},"23":{"start":{"line":37,"column":8},"end":{"line":39,"column":9}},"24":{"start":{"line":38,"column":10},"end":{"line":38,"column":27}},"25":{"start":{"line":40,"column":8},"end":{"line":40,"column":48}},"26":{"start":{"line":41,"column":8},"end":{"line":54,"column":22}},"27":{"start":{"line":42,"column":10},"end":{"line":42,"column":27}},"28":{"start":{"line":43,"column":10},"end":{"line":43,"column":32}},"29":{"start":{"line":44,"column":10},"end":{"line":44,"column":23}},"30":{"start":{"line":45,"column":10},"end":{"line":52,"column":11}},"31":{"start":{"line":46,"column":12},"end":{"line":46,"column":31}},"32":{"start":{"line":47,"column":12},"end":{"line":51,"column":13}},"33":{"start":{"line":48,"column":14},"end":{"line":48,"column":155}},"34":{"start":{"line":50,"column":14},"end":{"line":50,"column":179}},"35":{"start":{"line":53,"column":10},"end":{"line":53,"column":25}},"36":{"start":{"line":55,"column":8},"end":{"line":55,"column":26}},"37":{"start":{"line":58,"column":6},"end":{"line":58,"column":28}},"38":{"start":{"line":63,"column":2},"end":{"line":76,"column":4}},"39":{"start":{"line":64,"column":4},"end":{"line":64,"column":25}},"40":{"start":{"line":65,"column":4},"end":{"line":65,"column":31}},"41":{"start":{"line":66,"column":4},"end":{"line":68,"column":5}},"42":{"start":{"line":67,"column":6},"end":{"line":67,"column":38}},"43":{"start":{"line":69,"column":4},"end":{"line":71,"column":7}},"44":{"start":{"line":72,"column":4},"end":{"line":75,"column":7}},"45":{"start":{"line":78,"column":2},"end":{"line":112,"column":4}},"46":{"start":{"line":79,"column":4},"end":{"line":79,"column":14}},"47":{"start":{"line":80,"column":4},"end":{"line":84,"column":5}},"48":{"start":{"line":81,"column":6},"end":{"line":81,"column":36}},"49":{"start":{"line":83,"column":6},"end":{"line":83,"column":31}},"50":{"start":{"line":85,"column":4},"end":{"line":90,"column":5}},"51":{"start":{"line":86,"column":6},"end":{"line":89,"column":8}},"52":{"start":{"line":91,"column":4},"end":{"line":111,"column":7}},"53":{"start":{"line":92,"column":6},"end":{"line":105,"column":8}},"54":{"start":{"line":93,"column":8},"end":{"line":93,"column":42}},"55":{"start":{"line":94,"column":8},"end":{"line":94,"column":59}},"56":{"start":{"line":95,"column":8},"end":{"line":97,"column":11}},"57":{"start":{"line":98,"column":8},"end":{"line":98,"column":47}},"58":{"start":{"line":99,"column":8},"end":{"line":101,"column":11}},"59":{"start":{"line":100,"column":10},"end":{"line":100,"column":74}},"60":{"start":{"line":102,"column":8},"end":{"line":104,"column":28}},"61":{"start":{"line":103,"column":10},"end":{"line":103,"column":54}},"62":{"start":{"line":107,"column":6},"end":{"line":110,"column":8}},"63":{"start":{"line":114,"column":2},"end":{"line":119,"column":4}},"64":{"start":{"line":115,"column":4},"end":{"line":118,"column":7}},"65":{"start":{"line":116,"column":6},"end":{"line":116,"column":30}},"66":{"start":{"line":117,"column":6},"end":{"line":117,"column":18}},"67":{"start":{"line":121,"column":2},"end":{"line":123,"column":4}},"68":{"start":{"line":122,"column":4},"end":{"line":122,"column":60}}},"branchMap":{"1":{"line":17,"type":"if","locations":[{"start":{"line":17,"column":4},"end":{"line":17,"column":4}},{"start":{"line":17,"column":4},"end":{"line":17,"column":4}}]},"2":{"line":20,"type":"if","locations":[{"start":{"line":20,"column":4},"end":{"line":20,"column":4}},{"start":{"line":20,"column":4},"end":{"line":20,"column":4}}]},"3":{"line":23,"type":"if","locations":[{"start":{"line":23,"column":4},"end":{"line":23,"column":4}},{"start":{"line":23,"column":4},"end":{"line":23,"column":4}}]},"4":{"line":37,"type":"if","locations":[{"start":{"line":37,"column":8},"end":{"line":37,"column":8}},{"start":{"line":37,"column":8},"end":{"line":37,"column":8}}]},"5":{"line":47,"type":"if","locations":[{"start":{"line":47,"column":12},"end":{"line":47,"column":12}},{"start":{"line":47,"column":12},"end":{"line":47,"column":12}}]},"6":{"line":66,"type":"if","locations":[{"start":{"line":66,"column":4},"end":{"line":66,"column":4}},{"start":{"line":66,"column":4},"end":{"line":66,"column":4}}]},"7":{"line":80,"type":"if","locations":[{"start":{"line":80,"column":4},"end":{"line":80,"column":4}},{"start":{"line":80,"column":4},"end":{"line":80,"column":4}}]},"8":{"line":85,"type":"if","locations":[{"start":{"line":85,"column":4},"end":{"line":85,"column":4}},{"start":{"line":85,"column":4},"end":{"line":85,"column":4}}]}}},"/Users/omar/Development/Me/roots-wordpress/lib/api.js":{"path":"/Users/omar/Development/Me/roots-wordpress/lib/api.js","s":{"1":1,"2":1,"3":1,"4":1,"5":1,"6":1,"7":1},"b":{},"f":{"1":1},"fnMap":{"1":{"name":"(anonymous_1)","line":2,"loc":{"start":{"line":2,"column":1},"end":{"line":2,"column":12}}}},"statementMap":{"1":{"start":{"line":2,"column":0},"end":{"line":19,"column":14}},"2":{"start":{"line":3,"column":2},"end":{"line":3,"column":42}},"3":{"start":{"line":5,"column":2},"end":{"line":5,"column":25}},"4":{"start":{"line":7,"column":2},"end":{"line":7,"column":55}},"5":{"start":{"line":9,"column":2},"end":{"line":9,"column":53}},"6":{"start":{"line":11,"column":2},"end":{"line":11,"column":42}},"7":{"start":{"line":13,"column":2},"end":{"line":17,"column":5}}},"branchMap":{}}}