TN:
SF:/Users/omar/Development/Me/roots-wordpress/lib/index.js
FN:2,(anonymous_1)
FN:15,(anonymous_2)
FN:28,(anonymous_3)
FN:29,RootsWordpress
FN:35,(anonymous_5)
FN:41,(anonymous_6)
FN:63,(anonymous_7)
FN:78,(anonymous_8)
FN:91,(anonymous_9)
FN:92,(anonymous_10)
FN:99,(anonymous_11)
FN:102,(anonymous_12)
FN:106,(anonymous_13)
FN:114,(anonymous_14)
FN:115,(anonymous_15)
FN:121,(anonymous_16)
FNF:16
FNH:7
FNDA:1,(anonymous_1)
FNDA:4,(anonymous_2)
FNDA:3,(anonymous_3)
FNDA:3,RootsWordpress
FNDA:3,(anonymous_5)
FNDA:3,(anonymous_6)
FNDA:3,(anonymous_7)
FNDA:0,(anonymous_8)
FNDA:0,(anonymous_9)
FNDA:0,(anonymous_10)
FNDA:0,(anonymous_11)
FNDA:0,(anonymous_12)
FNDA:0,(anonymous_13)
FNDA:0,(anonymous_14)
FNDA:0,(anonymous_15)
FNDA:0,(anonymous_16)
DA:2,1
DA:3,1
DA:5,1
DA:7,1
DA:9,1
DA:11,1
DA:13,1
DA:15,1
DA:16,4
DA:17,4
DA:18,1
DA:20,4
DA:21,1
DA:23,3
DA:24,1
DA:28,3
DA:29,1
DA:30,3
DA:31,3
DA:32,3
DA:35,3
DA:36,3
DA:37,3
DA:38,3
DA:40,3
DA:41,3
DA:42,3
DA:43,3
DA:44,3
DA:45,3
DA:46,3
DA:47,3
DA:48,0
DA:50,3
DA:53,3
DA:55,3
DA:58,3
DA:63,1
DA:64,3
DA:65,3
DA:66,3
DA:67,0
DA:69,3
DA:72,3
DA:78,1
DA:79,0
DA:80,0
DA:81,0
DA:83,0
DA:85,0
DA:86,0
DA:91,0
DA:92,0
DA:93,0
DA:94,0
DA:95,0
DA:98,0
DA:99,0
DA:100,0
DA:102,0
DA:103,0
DA:107,0
DA:114,1
DA:115,0
DA:116,0
DA:117,0
DA:121,1
DA:122,0
LF:68
LH:45
BRDA:17,1,0,1
BRDA:17,1,1,3
BRDA:20,2,0,1
BRDA:20,2,1,3
BRDA:23,3,0,1
BRDA:23,3,1,2
BRDA:37,4,0,3
BRDA:37,4,1,0
BRDA:47,5,0,0
BRDA:47,5,1,3
BRDA:66,6,0,0
BRDA:66,6,1,3
BRDA:80,7,0,0
BRDA:80,7,1,0
BRDA:85,8,0,0
BRDA:85,8,1,0
BRF:16
BRH:9
end_of_record
TN:
SF:/Users/omar/Development/Me/roots-wordpress/lib/api.js
FN:2,(anonymous_1)
FNF:1
FNH:1
FNDA:1,(anonymous_1)
DA:2,1
DA:3,1
DA:5,1
DA:7,1
DA:9,1
DA:11,1
DA:13,1
LF:7
LH:7
BRF:0
BRH:0
end_of_record
